<?xml version="1.0" encoding="UTF-8"?>
<!-- Generated by org.testng.reporters.JUnitReportReporter -->
<testsuite skipped="2" hostname="DESKTOP-3J8POV3" name="com.qa.testcases.TestInsurancecomp" tests="3" failures="0" timestamp="07 May 2020 11:58:05 GMT" time="31.792" errors="0">
  <testcase name="ProfileReviewchk" time="31.792" classname="com.qa.testcases.TestInsurancecomp"/>
  <testcase name="SubmitReview" classname="com.qa.testcases.TestInsurancecomp">
    <skipped/>
  </testcase> <!-- SubmitReview -->
  <testcase name="RatingstarsLitup" classname="com.qa.testcases.TestInsurancecomp">
    <skipped/>
  </testcase> <!-- RatingstarsLitup -->
</testsuite> <!-- com.qa.testcases.TestInsurancecomp -->
